None
None
2022-12-14 14:20:35,043 INFO autoreload
2022-12-14 14:20:51,836 WARNING log
2022-12-14 14:20:51,837 WARNING basehttp
2022-12-14 14:21:50,484 INFO basehttp
2022-12-14 15:16:47,387 INFO autoreload
2022-12-14 15:16:48,647 INFO autoreload
2022-12-14 15:18:17,574 INFO autoreload
2022-12-14 15:39:04,600 INFO autoreload
2022-12-14 15:41:53,018 INFO autoreload
2022-12-14 15:41:54,038 INFO autoreload
2022-12-14 15:42:28,342 INFO autoreload
2022-12-14 15:42:29,103 INFO autoreload
2022-12-14 15:49:28,469 INFO autoreload
2022-12-14 15:49:29,442 INFO autoreload
2022-12-14 15:49:50,407 INFO autoreload
2022-12-14 15:49:51,155 INFO autoreload
2022-12-14 15:50:35,883 INFO autoreload
2022-12-14 15:50:36,794 INFO autoreload
2022-12-14 15:59:58,209 INFO autoreload
2022-12-14 16:01:32,411 INFO autoreload
2022-12-14 16:01:33,256 INFO autoreload
2022-12-14 16:01:46,603 INFO autoreload
2022-12-14 16:01:47,351 INFO autoreload
2022-12-14 16:03:44,283 INFO autoreload
2022-12-14 16:03:45,335 INFO autoreload
2022-12-14 16:03:52,393 ERROR log
Traceback (most recent call last):
  File "/Users/perevazko/PycharmProjects/NewsPortal/venv/lib/python3.9/site-packages/django/core/handlers/exception.py", line 55, in inner
    response = get_response(request)
  File "/Users/perevazko/PycharmProjects/NewsPortal/venv/lib/python3.9/site-packages/django/core/handlers/base.py", line 197, in _get_response
    response = wrapped_callback(request, *callback_args, **callback_kwargs)
  File "/Users/perevazko/PycharmProjects/NewsPortal/venv/lib/python3.9/site-packages/django/views/generic/base.py", line 103, in view
    return self.dispatch(request, *args, **kwargs)
  File "/Users/perevazko/PycharmProjects/NewsPortal/venv/lib/python3.9/site-packages/django/views/generic/base.py", line 142, in dispatch
    return handler(request, *args, **kwargs)
  File "/Users/perevazko/PycharmProjects/NewsPortal/venv/lib/python3.9/site-packages/django/views/generic/detail.py", line 109, in get
    context = self.get_context_data(object=self.object)
  File "/Users/perevazko/PycharmProjects/NewsPortal/news/simpleapp/views.py", line 56, in get_context_data
    news = get_object_or_404(News, name=self.kwargs["pk"])
  File "/Users/perevazko/PycharmProjects/NewsPortal/venv/lib/python3.9/site-packages/django/shortcuts.py", line 85, in get_object_or_404
    return queryset.get(*args, **kwargs)
  File "/Users/perevazko/PycharmProjects/NewsPortal/venv/lib/python3.9/site-packages/django/db/models/query.py", line 636, in get
    clone = self._chain() if self.query.combinator else self.filter(*args, **kwargs)
  File "/Users/perevazko/PycharmProjects/NewsPortal/venv/lib/python3.9/site-packages/django/db/models/query.py", line 1420, in filter
    return self._filter_or_exclude(False, args, kwargs)
  File "/Users/perevazko/PycharmProjects/NewsPortal/venv/lib/python3.9/site-packages/django/db/models/query.py", line 1438, in _filter_or_exclude
    clone._filter_or_exclude_inplace(negate, args, kwargs)
  File "/Users/perevazko/PycharmProjects/NewsPortal/venv/lib/python3.9/site-packages/django/db/models/query.py", line 1445, in _filter_or_exclude_inplace
    self._query.add_q(Q(*args, **kwargs))
  File "/Users/perevazko/PycharmProjects/NewsPortal/venv/lib/python3.9/site-packages/django/db/models/sql/query.py", line 1532, in add_q
    clause, _ = self._add_q(q_object, self.used_aliases)
  File "/Users/perevazko/PycharmProjects/NewsPortal/venv/lib/python3.9/site-packages/django/db/models/sql/query.py", line 1562, in _add_q
    child_clause, needed_inner = self.build_filter(
  File "/Users/perevazko/PycharmProjects/NewsPortal/venv/lib/python3.9/site-packages/django/db/models/sql/query.py", line 1407, in build_filter
    lookups, parts, reffed_expression = self.solve_lookup_type(arg)
  File "/Users/perevazko/PycharmProjects/NewsPortal/venv/lib/python3.9/site-packages/django/db/models/sql/query.py", line 1217, in solve_lookup_type
    _, field, _, lookup_parts = self.names_to_path(lookup_splitted, self.get_meta())
  File "/Users/perevazko/PycharmProjects/NewsPortal/venv/lib/python3.9/site-packages/django/db/models/sql/query.py", line 1709, in names_to_path
    raise FieldError(
django.core.exceptions.FieldError: Cannot resolve keyword 'name' into field. Choices are: author, author_id, category, categoryType, comment, dateCreation, id, image, postcategory, rating, text, title
2022-12-14 16:03:52,415 ERROR basehttp
2022-12-14 16:06:06,031 INFO autoreload
2022-12-14 16:06:06,997 INFO autoreload
2022-12-14 16:06:56,847 INFO autoreload
2022-12-14 16:06:57,779 INFO autoreload
2022-12-14 16:07:22,933 INFO autoreload
2022-12-14 16:07:23,912 INFO autoreload
2022-12-14 16:32:32,442 INFO autoreload
2022-12-14 16:32:33,904 INFO autoreload
2022-12-14 16:37:31,307 INFO autoreload
2022-12-14 16:37:32,641 INFO autoreload
2022-12-14 16:45:51,788 INFO autoreload
2022-12-14 16:45:52,808 INFO autoreload
2022-12-14 16:47:53,165 INFO autoreload
2022-12-14 16:50:17,114 INFO autoreload
2022-12-14 16:50:18,137 INFO autoreload
2022-12-14 16:54:08,736 INFO autoreload
2022-12-14 16:54:09,744 INFO autoreload
2022-12-14 16:55:38,121 INFO autoreload
2022-12-14 16:56:55,910 INFO autoreload
2022-12-14 16:58:25,129 INFO autoreload
2022-12-14 16:58:26,090 INFO autoreload
2022-12-14 16:59:39,761 INFO autoreload
2022-12-14 16:59:40,652 INFO autoreload
2022-12-14 17:00:26,499 INFO autoreload
2022-12-14 17:00:52,741 INFO autoreload
2022-12-14 17:00:53,706 INFO autoreload
2022-12-14 17:10:39,731 INFO autoreload
2022-12-14 17:10:41,041 INFO autoreload
2022-12-14 17:13:38,117 INFO autoreload
2022-12-14 17:13:39,168 INFO autoreload
2022-12-14 17:15:05,436 WARNING log
2022-12-14 17:15:05,437 WARNING basehttp
2022-12-14 17:15:36,602 WARNING log
2022-12-14 17:15:36,602 WARNING basehttp
2022-12-14 17:15:37,468 WARNING log
2022-12-14 17:15:37,469 WARNING basehttp
2022-12-14 17:15:49,539 INFO autoreload
2022-12-14 17:15:50,626 INFO autoreload
2022-12-14 17:16:29,290 INFO autoreload
2022-12-14 17:16:29,874 INFO autoreload
2022-12-14 17:17:49,760 INFO autoreload
2022-12-14 17:17:50,701 INFO autoreload
2022-12-14 17:19:20,781 INFO autoreload
2022-12-14 17:19:21,675 INFO autoreload
2022-12-14 17:22:56,471 INFO autoreload
2022-12-14 17:25:19,227 INFO autoreload
2022-12-14 17:25:20,210 INFO autoreload
2022-12-14 17:26:29,728 INFO autoreload
2022-12-14 17:26:30,701 INFO autoreload
2022-12-14 17:29:03,023 INFO autoreload
2022-12-14 17:29:03,901 INFO autoreload
2022-12-14 17:30:41,449 INFO autoreload
2022-12-14 17:30:42,383 INFO autoreload
2022-12-14 17:33:28,169 INFO autoreload
2022-12-14 17:33:29,381 INFO autoreload
2022-12-14 17:33:35,407 INFO basehttp
2022-12-14 17:34:44,898 WARNING log
2022-12-14 17:34:44,899 WARNING basehttp
2022-12-14 17:43:57,004 INFO autoreload
2022-12-14 20:45:42,166 INFO autoreload
2022-12-14 20:46:02,062 INFO basehttp
2022-12-14 20:46:28,605 WARNING log
2022-12-14 20:46:28,606 WARNING basehttp
2022-12-14 20:47:14,457 INFO autoreload
2022-12-14 20:47:15,487 INFO autoreload
2022-12-14 20:47:18,683 WARNING basehttp
2022-12-14 20:47:36,554 INFO autoreload
2022-12-14 20:47:37,126 INFO autoreload
2022-12-14 20:48:02,341 INFO autoreload
2022-12-14 20:48:02,873 INFO autoreload
2022-12-14 20:48:05,806 WARNING basehttp
2022-12-14 20:48:36,404 INFO autoreload
2022-12-14 20:48:37,226 INFO autoreload
2022-12-14 20:48:40,142 WARNING basehttp
2022-12-14 20:48:54,360 INFO autoreload
2022-12-14 20:48:55,303 INFO autoreload
2022-12-14 20:48:58,102 WARNING basehttp
2022-12-14 20:49:05,735 INFO basehttp
2022-12-14 20:56:44,184 INFO autoreload
2022-12-14 20:56:45,507 INFO autoreload
2022-12-14 20:57:49,797 INFO autoreload
2022-12-14 20:57:50,575 INFO autoreload
2022-12-14 20:57:57,104 INFO basehttp
2022-12-14 20:59:03,511 WARNING basehttp
2022-12-14 21:02:21,173 INFO autoreload
2022-12-14 21:02:27,755 WARNING basehttp
2022-12-15 18:15:29,659 INFO autoreload
2022-12-15 18:15:35,750 WARNING basehttp
2022-12-15 18:15:35,780 ERROR basehttp
2022-12-15 18:15:52,328 INFO basehttp
2022-12-15 18:16:19,795 INFO autoreload
2022-12-15 18:16:20,758 INFO autoreload
2022-12-15 18:16:27,656 WARNING basehttp
2022-12-15 18:16:38,775 INFO autoreload
2022-12-15 18:16:39,760 INFO autoreload
2022-12-15 18:16:40,801 WARNING basehttp
2022-12-15 18:16:40,829 ERROR basehttp
2022-12-15 18:23:57,542 INFO autoreload
2022-12-15 18:23:58,682 INFO autoreload
2022-12-15 18:24:03,310 WARNING basehttp
2022-12-15 18:31:41,656 INFO autoreload
2022-12-15 18:31:42,926 INFO autoreload
2022-12-15 18:58:01,976 WARNING basehttp
2022-12-15 18:58:04,193 WARNING basehttp
2022-12-15 18:58:05,131 WARNING basehttp
2022-12-15 18:58:06,333 INFO basehttp
2022-12-15 18:59:27,387 INFO autoreload
2022-12-15 18:59:28,391 INFO autoreload
2022-12-15 18:59:31,594 WARNING basehttp
2022-12-15 19:01:32,618 INFO autoreload
2022-12-15 19:01:33,672 INFO autoreload
2022-12-15 19:01:45,081 WARNING basehttp
2022-12-15 19:03:12,212 INFO autoreload
2022-12-15 19:03:13,637 INFO autoreload
2022-12-15 19:15:38,819 INFO autoreload
2022-12-15 19:15:39,916 INFO autoreload
2022-12-15 19:19:56,232 INFO autoreload
2022-12-15 19:19:57,267 INFO autoreload
2022-12-15 19:21:33,701 INFO autoreload
2022-12-15 19:21:34,739 INFO autoreload
2022-12-15 19:21:38,782 WARNING log
2022-12-15 19:21:38,783 WARNING basehttp
